2026-03-18 23:46:25,719 [INFO] QF_OANDA_History: {"EventCode": 0, "Message": "Logger initialized (Dev Mode)"}
2026-03-18 23:46:25,721 [INFO] QF_OANDA_History: {"EventCode": 0, "Message": "Starting QF_OANDA_History ..."}
2026-03-18 23:46:25,722 [INFO] QF_OANDA_History: {"Message": "Config loaded", "symbols": ["EUR/USD"], "timeframes": ["5m"], "start": "2025-12-01T00:00:00+00:00", "end": "2026-03-01T01:00:00+00:00"}
2026-03-18 23:46:26,857 [INFO] db_general: Truncated public.candles_stage
2026-03-18 23:46:26,857 [INFO] QF_OANDA_History: {"Message": "Fetching EUR/USD 5m", "instrument": "EUR_USD"}
2026-03-18 23:46:28,338 [INFO] exchange_oanda: Fetched 18119 candles for EUR/USD 5m [2025-12-01T00:00:00+00:00 → 2026-03-01T01:00:00+00:00]
2026-03-18 23:46:29,301 [INFO] db_general: Inserted 1000 candles into public.candles_stage
2026-03-18 23:46:29,770 [INFO] db_general: Inserted 1000 candles into public.candles_stage
2026-03-18 23:46:30,247 [INFO] db_general: Inserted 1000 candles into public.candles_stage
2026-03-18 23:46:30,718 [INFO] db_general: Inserted 1000 candles into public.candles_stage
2026-03-18 23:46:31,215 [INFO] db_general: Inserted 1000 candles into public.candles_stage
2026-03-18 23:46:31,686 [INFO] db_general: Inserted 1000 candles into public.candles_stage
2026-03-18 23:46:32,152 [INFO] db_general: Inserted 1000 candles into public.candles_stage
2026-03-18 23:46:32,621 [INFO] db_general: Inserted 1000 candles into public.candles_stage
2026-03-18 23:46:33,100 [INFO] db_general: Inserted 1000 candles into public.candles_stage
2026-03-18 23:46:33,574 [INFO] db_general: Inserted 1000 candles into public.candles_stage
2026-03-18 23:46:34,035 [INFO] db_general: Inserted 1000 candles into public.candles_stage
2026-03-18 23:46:34,513 [INFO] db_general: Inserted 1000 candles into public.candles_stage
2026-03-18 23:46:34,978 [INFO] db_general: Inserted 1000 candles into public.candles_stage
2026-03-18 23:46:35,466 [INFO] db_general: Inserted 1000 candles into public.candles_stage
2026-03-18 23:46:35,933 [INFO] db_general: Inserted 1000 candles into public.candles_stage
2026-03-18 23:46:36,410 [INFO] db_general: Inserted 1000 candles into public.candles_stage
2026-03-18 23:46:36,888 [INFO] db_general: Inserted 1000 candles into public.candles_stage
2026-03-18 23:46:37,370 [INFO] db_general: Inserted 1000 candles into public.candles_stage
2026-03-18 23:46:37,530 [INFO] db_general: Inserted 119 candles into public.candles_stage
2026-03-18 23:46:37,530 [INFO] QF_OANDA_History: {"Message": "Done EUR/USD 5m", "candles_fetched": 18119}
2026-03-18 23:46:38,386 [INFO] db_general: Executed public.merge_candles_stage_to_candles()
2026-03-18 23:46:38,387 [INFO] QF_OANDA_History: {"EventCode": 0, "Message": "Run complete", "total_inserted": 18119}
2026-03-18 23:53:43,607 [INFO] QF_OANDA_History: {"EventCode": 0, "Message": "Logger initialized (Dev Mode)"}
2026-03-18 23:53:43,607 [INFO] QF_OANDA_History: {"EventCode": 0, "Message": "Starting QF_OANDA_History ..."}
2026-03-18 23:53:43,617 [INFO] QF_OANDA_History: {"Message": "Config loaded", "symbols": ["EUR/USD"], "timeframes": ["5m"], "start": "2025-12-01T00:00:00+00:00", "end": "2026-03-18T01:00:00+00:00"}
2026-03-18 23:53:44,530 [INFO] db_general: Truncated public.candles_stage
2026-03-18 23:53:44,531 [INFO] QF_OANDA_History: {"Message": "Fetching EUR/USD 5m", "instrument": "EUR_USD"}
2026-03-18 23:53:45,742 [INFO] exchange_oanda: Fetched 21623 candles for EUR/USD 5m [2025-12-01T00:00:00+00:00 → 2026-03-18T01:00:00+00:00]
2026-03-18 23:53:46,494 [INFO] db_general: Inserted 1000 candles into public.candles_stage
2026-03-18 23:53:46,969 [INFO] db_general: Inserted 1000 candles into public.candles_stage
2026-03-18 23:53:47,442 [INFO] db_general: Inserted 1000 candles into public.candles_stage
2026-03-18 23:53:47,933 [INFO] db_general: Inserted 1000 candles into public.candles_stage
2026-03-18 23:53:48,414 [INFO] db_general: Inserted 1000 candles into public.candles_stage
2026-03-18 23:53:48,881 [INFO] db_general: Inserted 1000 candles into public.candles_stage
2026-03-18 23:53:49,352 [INFO] db_general: Inserted 1000 candles into public.candles_stage
2026-03-18 23:53:49,821 [INFO] db_general: Inserted 1000 candles into public.candles_stage
2026-03-18 23:53:50,287 [INFO] db_general: Inserted 1000 candles into public.candles_stage
2026-03-18 23:53:50,753 [INFO] db_general: Inserted 1000 candles into public.candles_stage
2026-03-18 23:53:51,302 [INFO] db_general: Inserted 1000 candles into public.candles_stage
2026-03-18 23:53:51,762 [INFO] db_general: Inserted 1000 candles into public.candles_stage
2026-03-18 23:53:52,234 [INFO] db_general: Inserted 1000 candles into public.candles_stage
2026-03-18 23:53:52,702 [INFO] db_general: Inserted 1000 candles into public.candles_stage
2026-03-18 23:53:53,175 [INFO] db_general: Inserted 1000 candles into public.candles_stage
2026-03-18 23:53:53,641 [INFO] db_general: Inserted 1000 candles into public.candles_stage
2026-03-18 23:53:54,117 [INFO] db_general: Inserted 1000 candles into public.candles_stage
2026-03-18 23:53:54,601 [INFO] db_general: Inserted 1000 candles into public.candles_stage
2026-03-18 23:53:55,065 [INFO] db_general: Inserted 1000 candles into public.candles_stage
2026-03-18 23:53:55,720 [INFO] db_general: Inserted 1000 candles into public.candles_stage
2026-03-18 23:53:56,179 [INFO] db_general: Inserted 1000 candles into public.candles_stage
2026-03-18 23:53:56,494 [INFO] db_general: Inserted 623 candles into public.candles_stage
2026-03-18 23:53:56,494 [INFO] QF_OANDA_History: {"Message": "Done EUR/USD 5m", "candles_fetched": 21623}
2026-03-18 23:53:56,861 [INFO] db_general: Executed public.merge_candles_stage_to_candles()
2026-03-18 23:53:56,862 [INFO] QF_OANDA_History: {"EventCode": 0, "Message": "Run complete", "total_inserted": 21623}
2026-03-18 23:56:05,937 [INFO] QF_OANDA_History: {"EventCode": 0, "Message": "Logger initialized (Dev Mode)"}
2026-03-18 23:56:05,938 [INFO] QF_OANDA_History: {"EventCode": 0, "Message": "Starting QF_OANDA_History ..."}
2026-03-18 23:56:05,953 [INFO] QF_OANDA_History: {"Message": "Config loaded", "symbols": ["EUR/USD"], "timeframes": ["5m"], "start": "2025-12-01T00:00:00+00:00", "end": "2026-03-19T01:00:00+00:00"}
2026-03-18 23:56:06,994 [INFO] db_general: Truncated public.candles_stage
2026-03-18 23:56:06,995 [INFO] QF_OANDA_History: {"Message": "Fetching EUR/USD 5m", "instrument": "EUR_USD"}
2026-03-18 23:56:08,343 [INFO] exchange_oanda: Fetched 21911 candles for EUR/USD 5m [2025-12-01T00:00:00+00:00 → 2026-03-19T01:00:00+00:00]
2026-03-18 23:56:09,124 [INFO] db_general: Inserted 1000 candles into public.candles_stage
2026-03-18 23:56:09,669 [INFO] db_general: Inserted 1000 candles into public.candles_stage
2026-03-18 23:56:10,169 [INFO] db_general: Inserted 1000 candles into public.candles_stage
2026-03-18 23:56:10,658 [INFO] db_general: Inserted 1000 candles into public.candles_stage
2026-03-18 23:56:11,249 [INFO] db_general: Inserted 1000 candles into public.candles_stage
2026-03-18 23:56:11,760 [INFO] db_general: Inserted 1000 candles into public.candles_stage
2026-03-18 23:56:12,228 [INFO] db_general: Inserted 1000 candles into public.candles_stage
2026-03-18 23:56:12,708 [INFO] db_general: Inserted 1000 candles into public.candles_stage
2026-03-18 23:56:13,250 [INFO] db_general: Inserted 1000 candles into public.candles_stage
2026-03-18 23:56:13,768 [INFO] db_general: Inserted 1000 candles into public.candles_stage
2026-03-18 23:56:14,274 [INFO] db_general: Inserted 1000 candles into public.candles_stage
2026-03-18 23:56:14,778 [INFO] db_general: Inserted 1000 candles into public.candles_stage
2026-03-18 23:56:15,269 [INFO] db_general: Inserted 1000 candles into public.candles_stage
2026-03-18 23:56:15,920 [INFO] db_general: Inserted 1000 candles into public.candles_stage
2026-03-18 23:56:16,428 [INFO] db_general: Inserted 1000 candles into public.candles_stage
2026-03-18 23:56:16,917 [INFO] db_general: Inserted 1000 candles into public.candles_stage
2026-03-18 23:56:17,537 [INFO] db_general: Inserted 1000 candles into public.candles_stage
2026-03-18 23:56:18,024 [INFO] db_general: Inserted 1000 candles into public.candles_stage
2026-03-18 23:56:18,585 [INFO] db_general: Inserted 1000 candles into public.candles_stage
2026-03-18 23:56:19,170 [INFO] db_general: Inserted 1000 candles into public.candles_stage
2026-03-18 23:56:19,705 [INFO] db_general: Inserted 1000 candles into public.candles_stage
2026-03-18 23:56:20,229 [INFO] db_general: Inserted 911 candles into public.candles_stage
2026-03-18 23:56:20,229 [INFO] QF_OANDA_History: {"Message": "Done EUR/USD 5m", "candles_fetched": 21911}
2026-03-18 23:56:20,501 [INFO] db_general: Executed public.merge_candles_stage_to_candles()
2026-03-18 23:56:20,502 [INFO] QF_OANDA_History: {"EventCode": 0, "Message": "Run complete", "total_inserted": 21911}
